⎡0    0    0    0    0   1  -1  0  0 ⎤
⎢                                    ⎥
⎢0    0    0   -10  100  1  -1  0  0 ⎥
⎢                                    ⎥
⎢0    0    0    0    0   0  0   1  -1⎥
⎢                                    ⎥
⎢0   -10   0    0    0   0  0   1  -1⎥
⎢                                    ⎥
⎢0   -100  0    0    0   0  0   1  -1⎥
⎢                                    ⎥
⎢-1   -1   0    0    0   0  0   0  0 ⎥
⎢                                    ⎥
⎢1    1    0    0    0   0  0   0  0 ⎥
⎢                                    ⎥
⎢0    0    -1  -1   -1   0  0   0  0 ⎥
⎢                                    ⎥
⎣0    0    1    1    1   0  0   0  0 ⎦
⎡0 ⎤
⎢  ⎥
⎢0 ⎥
⎢  ⎥
⎢0 ⎥
⎢  ⎥
⎢0 ⎥
⎢  ⎥
⎢0 ⎥
⎢  ⎥
⎢1 ⎥
⎢  ⎥
⎢-1⎥
⎢  ⎥
⎢1 ⎥
⎢  ⎥
⎣-1⎦
⎡x₁⎤
⎢  ⎥
⎢x₂⎥
⎢  ⎥
⎢x₃⎥
⎢  ⎥
⎢x₄⎥
⎢  ⎥
⎢x₅⎥
⎢  ⎥
⎢x₆⎥
⎢  ⎥
⎢x₇⎥
⎢  ⎥
⎢x₈⎥
⎢  ⎥
⎣x₉⎦
⎡l₁⎤
⎢  ⎥
⎢l₂⎥
⎢  ⎥
⎢l₃⎥
⎢  ⎥
⎢l₄⎥
⎢  ⎥
⎢l₅⎥
⎢  ⎥
⎢l₆⎥
⎢  ⎥
⎢l₇⎥
⎢  ⎥
⎢l₈⎥
⎢  ⎥
⎣l₉⎦
⎡         x₆ - x₇         ⎤
⎢                         ⎥
⎢-10⋅x₄ + 100⋅x₅ + x₆ - x₇⎥
⎢                         ⎥
⎢         x₈ - x₉         ⎥
⎢                         ⎥
⎢    -10⋅x₂ + x₈ - x₉     ⎥
⎢                         ⎥
⎢    -100⋅x₂ + x₈ - x₉    ⎥
⎢                         ⎥
⎢      -x₁ - x₂ + 1       ⎥
⎢                         ⎥
⎢       x₁ + x₂ - 1       ⎥
⎢                         ⎥
⎢    -x₃ - x₄ - x₅ + 1    ⎥
⎢                         ⎥
⎣    x₃ + x₄ + x₅ - 1     ⎦
all_var_eig_list = 
[x1, [(0.9, 8.879914629120127e-35), (0.91, 4.21748535180617e-16), (0.92, 1.0387235935799256e-29), (0.93, 1.4555806945228101e-31), (0.9400000000000001, 2.9169761006899367e-32), (0.9500000000000001, 1.6191464899737582e-32), (0.9600000000000001, 2.2230949256659113e-34), (0.9700000000000001, 1.9279748902537384e-16), (0.9800000000000001, 1.5919014697355167e-33), (0.9900000000000001, 2.7243826655394433e-28), (1.0, 1.3684555315672042e-48)]]
[x2, [(0.9, 1.8876996614169702e-17), (0.91, 5.278021987128375e-17), (0.92, 5.881498638445548e-19), (0.93, 7.211293356335296e-33), (0.9400000000000001, 3.3582203177267063e-18), (0.9500000000000001, 2.976572675313265e-33), (0.9600000000000001, 2.2735875272555194e-18), (0.9700000000000001, 6.842277657836021e-49), (0.9800000000000001, 3.0814879110195712e-33), (0.9900000000000001, 6.1629758220391534e-33), (1.0, 0.231222313509068)]]
[x3, [(0.9, 6.65092622993896e-16), (0.91, 1.3964650915330378e-33), (0.92, 8.230205863385789e-32), (0.93, 8.919076661356237e-33), (0.9400000000000001, 1.3684555315672042e-48), (0.9500000000000001, 2.7369110631344083e-48), (0.9600000000000001, 2.534877113951802e-32), (0.9700000000000001, 3.1338856552991023e-16), (0.9800000000000001, 3.946160284884908e-33), (0.9900000000000001, 1.1384196645894472e-32), (1.0, 1.7423913323066832e-17)]]
[x4, [(0.9, 2.622003875731105e-16), (0.91, 6.014796668143575e-33), (0.92, 2.910895362854341e-31), (0.93, 3.228351498604853e-17), (0.9400000000000001, 2.7369110631344083e-48), (0.9500000000000001, 7.596454196607839e-65), (0.9600000000000001, 2.9434083022603454e-32), (0.9700000000000001, 3.734077899736264e-16), (0.9800000000000001, 2.1826293896143466e-32), (0.9900000000000001, 8.552847072295026e-50), (1.0, 0.2437931849328083)]]
[x5, [(0.9, 2.7369110631344083e-48), (0.91, 2.1895288505075267e-47), (0.92, 3.3723115617851336e-32), (0.93, 5.1317082433770156e-48), (0.9400000000000001, 2.7369110631344083e-48), (0.9500000000000001, 0.1306345469247552), (0.9600000000000001, 4.018264264823727e-32), (0.9700000000000001, 5.473822126268817e-48), (0.9800000000000001, 5.876076560826989e-16), (0.9900000000000001, 3.851859888774472e-33), (1.0, 1.208800910298835e-32)]]
[x6, [(0.9, 7.830140320491021e-33), (0.91, 5.473822126268817e-48), (0.92, 2.740087114503465e-16), (0.93, 7.318167606450677e-16), (0.9400000000000001, 1.103834660400174e-16), (0.9500000000000001, 3.4211388289180104e-49), (0.9600000000000001, 4.289280426283227e-17), (0.9700000000000001, 1.9721522630525295e-31), (0.9800000000000001, 1.570465086742993e-16), (0.9900000000000001, 4.276423536147513e-50), (1.0, 5.4337294392748556e-17)]]
[x7, [(0.9, 1.401298464324817e-45), (0.91, 1.131041580968981e-32), (0.92, 1.5192908393215678e-64), (0.93, 3.0385816786431356e-64), (0.9400000000000001, 7.623476399581514e-32), (0.9500000000000001, 2.911796192093241e-16), (0.9600000000000001, 1.1375933020892779e-35), (0.9700000000000001, 1.2514943904541182e-31), (0.9800000000000001, 1.318638123708922e-32), (0.9900000000000001, 2.2747968048757498e-32), (1.0, 1.896405907122802e-34)]]
[x8, [(0.9, 2.39334943419701e-33), (0.91, 8.68290158794098e-34), (0.92, 2.7369110631344083e-48), (0.93, 1.3684555315672042e-48), (0.9400000000000001, 5.470478542382617e-49), (0.9500000000000001, 2.2155805434958724e-16), (0.9600000000000001, 4.0207212482872365e-33), (0.9700000000000001, 1.3684555315672042e-48), (0.9800000000000001, 6.170469057864475e-17), (0.9900000000000001, 1.480365179501437e-41), (1.0, 7.596454196607839e-65)]]
[x9, [(0.9, 4.273955904029246e-52), (0.91, 2.7157947034993784e-49), (0.92, 1.4943618792278242e-33), (0.93, 1.2325951644078292e-32), (0.9400000000000001, 1.707336553360565e-33), (0.9500000000000001, 2.6429652126834964e-50), (0.9600000000000001, 1.5192908393215678e-64), (0.9700000000000001, 1.6097963804786718e-34), (0.9800000000000001, 5.473822126268817e-48), (0.9900000000000001, 3.554709227019128e-33), (1.0, 3.2341470491578195e-16)]]
report_list = 
(x1, 0.9900000000000001, 2.7243826655394433e-28, 1.3684555315672042e-48)
(x2, 0.9600000000000001, 2.2735875272555194e-18, 6.842277657836021e-49)
(x3, 0.9700000000000001, 3.1338856552991023e-16, 3.946160284884908e-33)
(x4, 0.9800000000000001, 2.1826293896143466e-32, 8.552847072295026e-50)
(x5, 0.9800000000000001, 5.876076560826989e-16, 3.851859888774472e-33)
(x6, 0.9800000000000001, 1.570465086742993e-16, 4.276423536147513e-50)
(x7, 0.9500000000000001, 2.911796192093241e-16, 1.1375933020892779e-35)
(x8, 0.9900000000000001, 1.480365179501437e-41, 7.596454196607839e-65)
(x9, 0.9700000000000001, 1.6097963804786718e-34, 5.473822126268817e-48)
