⎡0    0    0    0    0   1  -1  0  0 ⎤
⎢                                    ⎥
⎢0    0    0   -10  100  1  -1  0  0 ⎥
⎢                                    ⎥
⎢0    0    0    0    0   0  0   1  -1⎥
⎢                                    ⎥
⎢0   -10   0    0    0   0  0   1  -1⎥
⎢                                    ⎥
⎢0   -100  0    0    0   0  0   1  -1⎥
⎢                                    ⎥
⎢-1   -1   0    0    0   0  0   0  0 ⎥
⎢                                    ⎥
⎢1    1    0    0    0   0  0   0  0 ⎥
⎢                                    ⎥
⎢0    0    -1  -1   -1   0  0   0  0 ⎥
⎢                                    ⎥
⎣0    0    1    1    1   0  0   0  0 ⎦
⎡0 ⎤
⎢  ⎥
⎢0 ⎥
⎢  ⎥
⎢0 ⎥
⎢  ⎥
⎢0 ⎥
⎢  ⎥
⎢0 ⎥
⎢  ⎥
⎢1 ⎥
⎢  ⎥
⎢-1⎥
⎢  ⎥
⎢1 ⎥
⎢  ⎥
⎣-1⎦
⎡x₁⎤
⎢  ⎥
⎢x₂⎥
⎢  ⎥
⎢x₃⎥
⎢  ⎥
⎢x₄⎥
⎢  ⎥
⎢x₅⎥
⎢  ⎥
⎢x₆⎥
⎢  ⎥
⎢x₇⎥
⎢  ⎥
⎢x₈⎥
⎢  ⎥
⎣x₉⎦
⎡l₁⎤
⎢  ⎥
⎢l₂⎥
⎢  ⎥
⎢l₃⎥
⎢  ⎥
⎢l₄⎥
⎢  ⎥
⎢l₅⎥
⎢  ⎥
⎢l₆⎥
⎢  ⎥
⎢l₇⎥
⎢  ⎥
⎢l₈⎥
⎢  ⎥
⎣l₉⎦
⎡         x₆ - x₇         ⎤
⎢                         ⎥
⎢-10⋅x₄ + 100⋅x₅ + x₆ - x₇⎥
⎢                         ⎥
⎢         x₈ - x₉         ⎥
⎢                         ⎥
⎢    -10⋅x₂ + x₈ - x₉     ⎥
⎢                         ⎥
⎢    -100⋅x₂ + x₈ - x₉    ⎥
⎢                         ⎥
⎢      -x₁ - x₂ + 1       ⎥
⎢                         ⎥
⎢       x₁ + x₂ - 1       ⎥
⎢                         ⎥
⎢    -x₃ - x₄ - x₅ + 1    ⎥
⎢                         ⎥
⎣    x₃ + x₄ + x₅ - 1     ⎦
all_var_eig_list = 
[x1, [(0.9, 8.879914629120127e-35), (0.9500000000000001, 1.6191464899737582e-32), (1.0, 1.3684555315672042e-48)]]
[x2, [(0.9, 1.8876996614169702e-17), (0.9500000000000001, 2.976572675313265e-33), (1.0, 0.231222313509068)]]
[x3, [(0.9, 6.65092622993896e-16), (0.9500000000000001, 2.7369110631344083e-48), (1.0, 1.7423913323066832e-17)]]
[x4, [(0.9, 2.622003875731105e-16), (0.9500000000000001, 7.596454196607839e-65), (1.0, 0.2437931849328083)]]
[x5, [(0.9, 2.7369110631344083e-48), (0.9500000000000001, 0.1306345469247552), (1.0, 1.208800910298835e-32)]]
[x6, [(0.9, 7.830140320491021e-33), (0.9500000000000001, 3.4211388289180104e-49), (1.0, 5.4337294392748556e-17)]]
[x7, [(0.9, 1.401298464324817e-45), (0.9500000000000001, 2.911796192093241e-16), (1.0, 1.896405907122802e-34)]]
[x8, [(0.9, 2.39334943419701e-33), (0.9500000000000001, 2.2155805434958724e-16), (1.0, 7.596454196607839e-65)]]
[x9, [(0.9, 4.273955904029246e-52), (0.9500000000000001, 2.6429652126834964e-50), (1.0, 3.2341470491578195e-16)]]
report_list = 
(x1, 0.9500000000000001, 1.6191464899737582e-32, 1.3684555315672042e-48)

(x2, 0.9, 1.8876996614169702e-17, 2.976572675313265e-33)
(x3, 0.9, 6.65092622993896e-16, 2.7369110631344083e-48)
(x4, 0.9, 2.622003875731105e-16, 7.596454196607839e-65)
(x5, 0.9500000000000001, 0.1306345469247552, 1.208800910298835e-32)
(x6, 0.9, 7.830140320491021e-33, 3.4211388289180104e-49)
(x7, 0.9500000000000001, 2.911796192093241e-16, 1.896405907122802e-34)
(x8, 0.9500000000000001, 2.2155805434958724e-16, 7.596454196607839e-65)
(x9, 0, 0, 0)
all_var_eig_list_zero = 
[x1, [(0.0, 1.232595164407831e-32), (0.05, 5.131708243377016e-49), (0.1, 1.3684555315672042e-48)]]
[x2, [(0.0, 2.465190328815662e-32), (0.05, 6.611672323746456e-17), (0.1, 1.509946766553156e-18)]]
[x3, [(0.0, 6.162975822039155e-33), (0.05, 1.0341743469390484e-16), (0.1, 6.846009223425385e-33)]]
[x4, [(0.0, 7.703719777548943e-34), (0.05, 6.093903539010206e-49), (0.1, 1.6799453774892162e-16)]]
[x5, [(0.0, 6.277151819252937e-33), (0.05, 0.1304765213851211), (0.1, 9.486766084594108e-17)]]
[x6, [(0.0, 1.1259966135904893e-18), (0.05, 1.7089257440019228e-32), (0.1, 4.570594802396648e-33)]]
[x7, [(0.0, 1.1259966135904893e-18), (0.05, 1.1118701193983534e-48), (0.1, 2.0683763026776605e-33)]]
[x8, [(0.0, 1.3822691380227206e-17), (0.05, 4.376861918122572e-33), (0.1, 1.9834599150492546e-32)]]
[x9, [(0.0, 1.3822691380227206e-17), (0.05, 1.1181475806344577e-49), (0.1, 3.456188563696465e-17)]]
report_list_zero = 
(x1, 0.0, 1.232595164407831e-32, 5.131708243377016e-49)
(x2, 0, 0, 0)
(x3, 0.05, 1.0341743469390484e-16, 6.846009223425385e-33)
(x4, 0.0, 7.703719777548943e-34, 6.093903539010206e-49)
(x5, 0.05, 0.1304765213851211, 9.486766084594108e-17)
(x6, 0.0, 1.1259966135904893e-18, 1.7089257440019228e-32)
(x7, 0.0, 1.1259966135904893e-18, 1.1118701193983534e-48)
(x8, 0.0, 1.3822691380227206e-17, 4.376861918122572e-33)
(x9, 0.0, 1.3822691380227206e-17, 1.1181475806344577e-49)
