⎡0    0    0    0    0   1  -1  0  0 ⎤
⎢                                    ⎥
⎢0    0    0   -10  100  1  -1  0  0 ⎥
⎢                                    ⎥
⎢0    0    0    0    0   0  0   1  -1⎥
⎢                                    ⎥
⎢0   -10   0    0    0   0  0   1  -1⎥
⎢                                    ⎥
⎢0   -100  0    0    0   0  0   1  -1⎥
⎢                                    ⎥
⎢-1   -1   0    0    0   0  0   0  0 ⎥
⎢                                    ⎥
⎢1    1    0    0    0   0  0   0  0 ⎥
⎢                                    ⎥
⎢0    0    -1  -1   -1   0  0   0  0 ⎥
⎢                                    ⎥
⎣0    0    1    1    1   0  0   0  0 ⎦
⎡0 ⎤
⎢  ⎥
⎢0 ⎥
⎢  ⎥
⎢0 ⎥
⎢  ⎥
⎢0 ⎥
⎢  ⎥
⎢0 ⎥
⎢  ⎥
⎢1 ⎥
⎢  ⎥
⎢-1⎥
⎢  ⎥
⎢1 ⎥
⎢  ⎥
⎣-1⎦
⎡x₁⎤
⎢  ⎥
⎢x₂⎥
⎢  ⎥
⎢x₃⎥
⎢  ⎥
⎢x₄⎥
⎢  ⎥
⎢x₅⎥
⎢  ⎥
⎢x₆⎥
⎢  ⎥
⎢x₇⎥
⎢  ⎥
⎢x₈⎥
⎢  ⎥
⎣x₉⎦
⎡l₁⎤
⎢  ⎥
⎢l₂⎥
⎢  ⎥
⎢l₃⎥
⎢  ⎥
⎢l₄⎥
⎢  ⎥
⎢l₅⎥
⎢  ⎥
⎢l₆⎥
⎢  ⎥
⎢l₇⎥
⎢  ⎥
⎢l₈⎥
⎢  ⎥
⎣l₉⎦
⎡         x₆ - x₇         ⎤
⎢                         ⎥
⎢-10⋅x₄ + 100⋅x₅ + x₆ - x₇⎥
⎢                         ⎥
⎢         x₈ - x₉         ⎥
⎢                         ⎥
⎢    -10⋅x₂ + x₈ - x₉     ⎥
⎢                         ⎥
⎢    -100⋅x₂ + x₈ - x₉    ⎥
⎢                         ⎥
⎢      -x₁ - x₂ + 1       ⎥
⎢                         ⎥
⎢       x₁ + x₂ - 1       ⎥
⎢                         ⎥
⎢    -x₃ - x₄ - x₅ + 1    ⎥
⎢                         ⎥
⎣    x₃ + x₄ + x₅ - 1     ⎦
all_var_eig_list = 
[x1, [(0.95, 2.266076831804567e-46), (0.96, 4.416149837763582e-32), (0.97, 8.355139459371854e-44), (0.98, 4.8957626103088944e-30), (0.99, 1.0197852381199908e-26), (1.0, 1.3684555315672042e-48)]]
[x2, [(0.95, 1.215300507588485e-17), (0.96, 5.706030380301439e-20), (0.97, 1.4678848262442763e-33), (0.98, 2.4706451457452303e-16), (0.99, 5.822746293034192e-17), (1.0, 0.231222313509068)]]
[x3, [(0.95, 5.81637992976347e-17), (0.96, 2.1895288505075267e-47), (0.97, 6.842277657836021e-49), (0.98, 3.2147405581272344e-16), (0.99, 5.448129355895635e-33), (1.0, 1.7423913323066832e-17)]]
[x4, [(0.95, 3.161617238770259e-22), (0.96, 2.4183725477302056e-16), (0.97, 9.854983628341294e-32), (0.98, 8.876944870571793e-32), (0.99, 2.7369110631344083e-48), (1.0, 0.2437931849328083)]]
[x5, [(0.95, 2.7369110631344083e-48), (0.96, 1.3069548181781234e-17), (0.97, 3.597681433023738e-16), (0.98, 2.5679587375996157e-32), (0.99, 1.7652419546983293e-31), (1.0, 1.208800910298835e-32)]]
[x6, [(0.95, 4.900592329949282e-33), (0.96, 5.2073438102819154e-33), (0.97, 1.0947644252537633e-47), (0.98, 1.2986609835537163e-17), (0.99, 2.470955326498671e-32), (1.0, 5.4337294392748556e-17)]]
[x7, [(0.95, 4.047843927750117e-32), (0.96, 2.7381293878501217e-19), (0.97, 7.940136424327139e-17), (0.98, 6.572184241603663e-33), (0.99, 1.0660735796443486e-16), (1.0, 1.896405907122802e-34)]]
[x8, [(0.95, 2.939995609548413e-33), (0.96, 7.412853799020472e-32), (0.97, 4.651220975336073e-42), (0.98, 7.707642404747408e-50), (0.99, 8.228150298942926e-33), (1.0, 7.596454196607839e-65)]]
[x9, [(0.95, 2.920631801832868e-32), (0.96, 2.7369110631344083e-48), (0.97, 5.1378603939348283e-48), (0.98, 2.897817305224548e-70), (0.99, 2.909508082434146e-32), (1.0, 3.2341470491578195e-16)]]
report_list = 
(x1, 0.99, 1.0197852381199908e-26, 1.3684555315672042e-48)
(x2, 0.96, 5.706030380301439e-20, 1.4678848262442763e-33)
(x3, 0.98, 3.2147405581272344e-16, 5.448129355895635e-33)
(x4, 0.98, 8.876944870571793e-32, 2.7369110631344083e-48)
(x5, 0.97, 3.597681433023738e-16, 2.5679587375996157e-32)
(x6, 0.98, 1.2986609835537163e-17, 2.470955326498671e-32)
(x7, 0.99, 1.0660735796443486e-16, 1.896405907122802e-34)
(x8, 0.99, 8.228150298942926e-33, 7.596454196607839e-65)
(x9, 0.97, 5.1378603939348283e-48, 2.897817305224548e-70)
