all_var_eig_list = 
[x1, [(0.95, 5.884034443455986e-33), (0.96, 1.405924221586979e-47), (0.97, 9.182820691288096e-48), (0.98, 6.304041644182246e-48), (0.99, 6.1907611902019326e-46), (1.0, 5.525287140793252e-48)]]
[x2, [(0.95, 1.1789881317146458e-46), (0.96, 3.027921147600017e-32), (0.97, 1.1183698116026607e-47), (0.98, 2.444742593106205e-47), (0.99, 5.507981684911419e-34), (1.0, 5.211308881482161e-47)]]
[x3, [(0.95, 2.323022787850195e-48), (0.96, 1.9881493779063235e-47), (0.97, 1.1358959339059241e-47), (0.98, 2.486847584776025e-48), (0.99, 1.0862234453881467e-47), (1.0, 8.252463704598025e-46)]]
[x4, [(0.95, 2.0047213703173872e-32), (0.96, 5.809106034668206e-49), (0.97, 7.959594802815557e-46), (0.98, 4.13072538528047e-46), (0.99, 2.248976633559725e-46), (1.0, 4.250790931436313e-47)]]
[x5, [(0.95, 1.2835082459013484e-47), (0.96, 6.420044429171884e-47), (0.97, 1.8988410274283083e-46), (0.98, 1.4431009486550254e-48), (0.99, 1.037197870556076e-46), (1.0, 1.4921325305058383e-46)]]
[x6, [(0.95, 1.6290268456831203e-48), (0.96, 2.1271956937900127e-32), (0.97, 3.1561900165929655e-46), (0.98, 1.0944465642518672e-47), (0.99, 1.441497311477607e-47), (1.0, 6.457140578850852e-48)]]
[x7, [(0.95, 4.11107589701576e-46), (0.96, 1.5397398835421466e-46), (0.97, 3.0123071265663093e-46), (0.98, 2.31193209201817e-47), (0.99, 8.539248465865155e-47), (1.0, 2.389253782558692e-47)]]
[x8, [(0.95, 1.6582368778150513e-47), (0.96, 1.1795875993983168e-32), (0.97, 1.3122021232655567e-46), (0.98, 4.550459688652273e-45), (0.99, 7.546178444578306e-48), (1.0, 1.815959216813522e-47)]]
[x9, [(0.95, 9.968028182823993e-49), (0.96, 1.9649722042429078e-48), (0.97, 3.216281326839249e-47), (0.98, 1.1580532261786004e-47), (0.99, 3.751379049304509e-47), (1.0, 3.866674129295506e-48)]]
[x10, [(0.95, 2.645164504020793e-44), (0.96, 5.2081937413669895e-48), (0.97, 5.447276272229826e-47), (0.98, 1.2210829305792865e-46), (0.99, 3.7015932523724115e-45), (1.0, 2.4099057581215436e-48)]]
[x11, [(0.95, 1.7515776179463103e-46), (0.96, 3.706239549147908e-48), (0.97, 1.805044896718746e-46), (0.98, 1.6160639709414467e-47), (0.99, 3.145441329038103e-48), (1.0, 4.479103009052374e-48)]]
[x12, [(0.95, 3.5286900009673257e-34), (0.96, 1.8532682048528693e-45), (0.97, 7.388970642435113e-49), (0.98, 1.192693776202885e-48), (0.99, 2.9603111697933247e-47), (1.0, 1.1336397235507067e-47)]]
[x13, [(0.95, 1.7171720897658487e-47), (0.96, 9.866523604154729e-48), (0.97, 3.358029736521857e-48), (0.98, 1.0119861309860221e-47), (0.99, 8.506660028435919e-44), (1.0, 1.0760198311549403e-33)]]
[x14, [(0.95, 2.2670287695130703e-47), (0.96, 2.9860839036927414e-46), (0.97, 3.0093790747240844e-47), (0.98, 1.3721357177461569e-45), (0.99, 2.1837941214881625e-47), (1.0, 2.533309673148849e-47)]]
[x15, [(0.95, 9.808831637915615e-48), (0.96, 9.813359547545742e-47), (0.97, 1.8998752266057994e-48), (0.98, 6.426856829747648e-46), (0.99, 7.167688986986763e-47), (1.0, 7.647168240833058e-49)]]
[x16, [(0.95, 9.808831637915615e-48), (0.96, 9.813359547545742e-47), (0.97, 1.8998752266057994e-48), (0.98, 6.426856829747648e-46), (0.99, 7.167688986986763e-47), (1.0, 7.647168240833058e-49)]]
[x17, [(0.95, 1.4592360325909197e-32), (0.96, 1.3847298549932466e-48), (0.97, 7.250692181188189e-48), (0.98, 3.535843003621063e-46), (0.99, 2.1362015291150042e-47), (1.0, 1.2102523329715505e-47)]]
[x18, [(0.95, 1.4592360325909197e-32), (0.96, 1.3847298549932466e-48), (0.97, 7.250692181188189e-48), (0.98, 3.535843003621063e-46), (0.99, 2.1362015291150042e-47), (1.0, 1.2102523329715505e-47)]]
[x19, [(0.95, 1.4819212484018128e-47), (0.96, 4.1889829509349253e-47), (0.97, 2.1293473687324425e-46), (0.98, 1.0917462087062492e-47), (0.99, 5.0008432096893567e-48), (1.0, 1.0033954779282037e-47)]]
[x20, [(0.95, 1.4819212484018128e-47), (0.96, 4.1889829509349253e-47), (0.97, 2.1293473687324425e-46), (0.98, 1.0917462087062492e-47), (0.99, 5.0008432096893567e-48), (1.0, 1.0033954779282037e-47)]]
[x21, [(0.95, 5.27950644465102e-48), (0.96, 1.231450602009099e-46), (0.97, 2.2115294923331337e-45), (0.98, 6.487587358261048e-48), (0.99, 7.563102742896104e-32), (1.0, 4.1505970446878385e-46)]]
[x22, [(0.95, 5.27950644465102e-48), (0.96, 1.231450602009099e-46), (0.97, 2.2115294923331337e-45), (0.98, 6.487587358261048e-48), (0.99, 7.563102742896104e-32), (1.0, 4.1505970446878385e-46)]]
[x23, [(0.95, 3.253638226994995e-45), (0.96, 2.881624905817536e-47), (0.97, 2.1535534808621752e-32), (0.98, 6.61711702433847e-47), (0.99, 1.6873403861426625e-47), (1.0, 9.334738681144474e-48)]]
[x24, [(0.95, 3.253638226994995e-45), (0.96, 2.881624905817536e-47), (0.97, 2.1535534808621752e-32), (0.98, 6.61711702433847e-47), (0.99, 1.6873403861426625e-47), (1.0, 9.334738681144474e-48)]]
[x25, [(0.95, 2.1459188639986182e-47), (0.96, 1.3443625449288927e-48), (0.97, 1.1649046496506921e-47), (0.98, 3.877380875096323e-33), (0.99, 1.9873396171082837e-45), (1.0, 3.5942656328434806e-48)]]
[x26, [(0.95, 2.1459188639986182e-47), (0.96, 1.3443625449288927e-48), (0.97, 1.1649046496506921e-47), (0.98, 3.877380875096323e-33), (0.99, 1.9873396171082837e-45), (1.0, 3.5942656328434806e-48)]]
[x27, [(0.95, 9.532148325786244e-48), (0.96, 6.909152968806196e-48), (0.97, 1.6727371855870532e-46), (0.98, 1.1373009217647446e-49), (0.99, 1.095481211879843e-48), (1.0, 1.780768051905626e-45)]]
[x28, [(0.95, 9.532148325786244e-48), (0.96, 6.909152968806196e-48), (0.97, 1.6727371855870532e-46), (0.98, 1.1373009217647446e-49), (0.99, 1.095481211879843e-48), (1.0, 1.780768051905626e-45)]]
[x29, [(0.95, 2.829556222126615e-48), (0.96, 2.083508901138404e-48), (0.97, 3.9042684382240613e-32), (0.98, 2.969966052426678e-46), (0.99, 1.0181178940897319e-47), (1.0, 1.1537702760841262e-32)]]
[x30, [(0.95, 2.829556222126615e-48), (0.96, 2.083508901138404e-48), (0.97, 3.9042684382240613e-32), (0.98, 2.969966052426678e-46), (0.99, 1.0181178940897319e-47), (1.0, 1.1537702760841262e-32)]]
[x31, [(0.95, 4.174940681684004e-48), (0.96, 9.270086253936352e-47), (0.97, 2.6710935274550006e-46), (0.98, 7.576547234753715e-48), (0.99, 6.022050108246728e-46), (1.0, 1.1812370970228402e-47)]]
[x32, [(0.95, 1.8046865870405865e-47), (0.96, 2.884085533574146e-47), (0.97, 5.2557120341327973e-48), (0.98, 5.528700780137452e-48), (0.99, 1.4429043520455019e-46), (1.0, 7.275387928498963e-33)]]
[x33, [(0.95, 7.3999475862420395e-47), (0.96, 2.427319347660544e-48), (0.97, 1.4325914401411456e-47), (0.98, 1.2234669100343064e-48), (0.99, 1.8980383878398622e-48), (1.0, 2.817654140422654e-32)]]
[x34, [(0.95, 2.407436172658452e-47), (0.96, 1.2004262259991842e-47), (0.97, 7.681139996283025e-47), (0.98, 6.01986078425757e-33), (0.99, 4.1655046550950057e-47), (1.0, 1.0684498780020077e-48)]]
[x35, [(0.95, 6.519604179582922e-47), (0.96, 1.8559074791549434e-48), (0.97, 1.7342069164361272e-47), (0.98, 5.627592144891535e-48), (0.99, 7.508671981392347e-47), (1.0, 2.3464863814064894e-48)]]
[x36, [(0.95, 5.383898174359615e-47), (0.96, 1.62518648882886e-46), (0.97, 3.8432916702060126e-33), (0.98, 6.268531176779059e-50), (0.99, 1.62594295286614e-47), (1.0, 6.693883688867265e-33)]]
[x37, [(0.95, 4.885249370442722e-47), (0.96, 2.6619919506385774e-48), (0.97, 3.2908850393632376e-47), (0.98, 3.338752419777179e-48), (0.99, 4.9009984132730206e-48), (1.0, 7.416087463891638e-48)]]
[x38, [(0.95, 2.6034643463502967e-48), (0.96, 4.064225795833786e-48), (0.97, 8.127405663211957e-48), (0.98, 1.8722106115675773e-47), (0.99, 2.0798183304358908e-46), (1.0, 8.037694780192002e-32)]]
[x39, [(0.95, 3.0245100374538254e-46), (0.96, 3.0913608162301864e-48), (0.97, 2.1590120925555715e-47), (0.98, 7.018957847256094e-48), (0.99, 8.91817969022082e-33), (1.0, 1.9350889367037132e-32)]]
[x40, [(0.95, 2.5178055610161974e-47), (0.96, 3.444082774987309e-44), (0.97, 4.491058478166821e-48), (0.98, 1.5743529385853873e-47), (0.99, 1.797324312109253e-46), (1.0, 9.152642712191904e-47)]]
[x41, [(0.95, 1.609360028973888e-47), (0.96, 4.4949847916303814e-46), (0.97, 2.906900933574415e-33), (0.98, 1.2686632548258196e-48), (0.99, 1.2244962826707587e-32), (1.0, 3.7066031378132745e-47)]]
[x42, [(0.95, 3.758227254729354e-48), (0.96, 1.6055571995722794e-46), (0.97, 8.877618837826849e-47), (0.98, 2.692833831655127e-33), (0.99, 1.7453922091706578e-46), (1.0, 6.752716783452455e-48)]]
[x43, [(0.95, 1.8075648670536008e-49), (0.96, 1.2065685743520236e-47), (0.97, 5.951611221031301e-47), (0.98, 1.0898526698515343e-47), (0.99, 6.400705321515365e-46), (1.0, 1.7512930361428016e-47)]]
[x44, [(0.95, 1.726711603991123e-47), (0.96, 2.814688447693569e-48), (0.97, 5.415457327139392e-47), (0.98, 1.8263472600152536e-48), (0.99, 6.296593846246704e-48), (1.0, 2.5168505531253198e-48)]]
[x45, [(0.95, 4.6010505517997625e-48), (0.96, 2.264640121577417e-47), (0.97, 5.745488956834748e-33), (0.98, 3.344572296999451e-46), (0.99, 1.1889398290363223e-47), (1.0, 2.10775671028342e-32)]]
[x46, [(0.95, 1.899836422077677e-48), (0.96, 1.6785016107281954e-47), (0.97, 1.0814405434391195e-32), (0.98, 2.121692397700463e-47), (0.99, 8.478838195129217e-47), (1.0, 8.813556531025937e-46)]]
[x47, [(0.95, 7.243653227831007e-48), (0.96, 7.819622330555605e-48), (0.97, 4.2905028919919944e-48), (0.98, 3.228512982503846e-46), (0.99, 1.0934365284934707e-46), (1.0, 1.0625756713641334e-47)]]
[x48, [(0.95, 5.514982003783184e-48), (0.96, 3.800993214041679e-49), (0.97, 5.973115511354132e-48), (0.98, 2.0226936694540872e-47), (0.99, 1.136623557048654e-47), (1.0, 9.030297957194067e-48)]]
[x49, [(0.95, 6.008176416972449e-48), (0.96, 2.5529929242995753e-48), (0.97, 4.177208496408057e-49), (0.98, 3.829348093450928e-48), (0.99, 5.603802002199609e-34), (1.0, 5.729702381651158e-47)]]
[x50, [(0.95, 2.3271890133182206e-47), (0.96, 3.5218459565100896e-47), (0.97, 4.488167551089899e-48), (0.98, 2.833828814487581e-32), (0.99, 5.573035136367134e-47), (1.0, 2.416456902480999e-48)]]
report_list = 
(x1, 0.95, 5.884034443455986e-33, 1.405924221586979e-47)
(x2, 0.99, 5.507981684911419e-34, 5.211308881482161e-47)
(x3, 0, 0, 0)
(x4, 0.95, 2.0047213703173872e-32, 5.809106034668206e-49)
(x5, 0, 0, 0)
(x6, 0.96, 2.1271956937900127e-32, 3.1561900165929655e-46)
(x7, 0, 0, 0)
(x8, 0.96, 1.1795875993983168e-32, 1.3122021232655567e-46)
(x9, 0, 0, 0)
(x10, 0.99, 3.7015932523724115e-45, 2.4099057581215436e-48)
(x11, 0, 0, 0)
(x12, 0.96, 1.8532682048528693e-45, 7.388970642435113e-49)
(x13, 0, 0, 0)
(x14, 0, 0, 0)
(x15, 0, 0, 0)
(x16, 0, 0, 0)
(x17, 0.95, 1.4592360325909197e-32, 1.3847298549932466e-48)
(x18, 0.95, 1.4592360325909197e-32, 1.3847298549932466e-48)
(x19, 0, 0, 0)
(x20, 0, 0, 0)
(x21, 0.99, 7.563102742896104e-32, 4.1505970446878385e-46)
(x22, 0.99, 7.563102742896104e-32, 4.1505970446878385e-46)
(x23, 0.97, 2.1535534808621752e-32, 6.61711702433847e-47)
(x24, 0.97, 2.1535534808621752e-32, 6.61711702433847e-47)
(x25, 0.98, 3.877380875096323e-33, 1.9873396171082837e-45)
(x26, 0.98, 3.877380875096323e-33, 1.9873396171082837e-45)
(x27, 0.97, 1.6727371855870532e-46, 1.1373009217647446e-49)
(x28, 0.97, 1.6727371855870532e-46, 1.1373009217647446e-49)
(x29, 0.97, 3.9042684382240613e-32, 2.969966052426678e-46)
(x30, 0.97, 3.9042684382240613e-32, 2.969966052426678e-46)
(x31, 0, 0, 0)
(x32, 0, 0, 0)
(x33, 0, 0, 0)
(x34, 0.98, 6.01986078425757e-33, 4.1655046550950057e-47)
(x35, 0, 0, 0)
(x36, 0.97, 3.8432916702060126e-33, 6.268531176779059e-50)
(x37, 0, 0, 0)
(x38, 0, 0, 0)
(x39, 0, 0, 0)
(x40, 0.96, 3.444082774987309e-44, 4.491058478166821e-48)
(x41, 0.99, 1.2244962826707587e-32, 3.7066031378132745e-47)
(x42, 0.98, 2.692833831655127e-33, 1.7453922091706578e-46)
(x43, 0, 0, 0)
(x44, 0, 0, 0)
(x45, 0.97, 5.745488956834748e-33, 3.344572296999451e-46)
(x46, 0.97, 1.0814405434391195e-32, 2.121692397700463e-47)
(x47, 0, 0, 0)
(x48, 0, 0, 0)
(x49, 0.99, 5.603802002199609e-34, 5.729702381651158e-47)
(x50, 0.98, 2.833828814487581e-32, 5.573035136367134e-47)
