all_var_eig_list = 
[x1, [(0.9, 1.0038867719327753e-47), (0.91, 3.483237591236942e-47), (0.92, 1.5899722893358705e-46), (0.93, 3.3336340048191216e-47), (0.9400000000000001, 5.1219280233249404e-48), (0.9500000000000001, 6.589733231521024e-47), (0.9600000000000001, 3.303668313021231e-33), (0.9700000000000001, 6.584741886090577e-33), (0.9800000000000001, 5.780501301508116e-48), (0.9900000000000001, 1.5575386165214684e-49)]]
[x2, [(0.9, 2.017725471647715e-48), (0.91, 1.1104392926993563e-46), (0.92, 2.0031000492592688e-47), (0.93, 1.2059791173530653e-45), (0.9400000000000001, 6.525819932092811e-48), (0.9500000000000001, 1.9624495986838773e-32), (0.9600000000000001, 1.457575509281203e-46), (0.9700000000000001, 6.169614863660005e-48), (0.9800000000000001, 4.942023163152453e-48), (0.9900000000000001, 4.356425826894125e-47)]]
[x3, [(0.9, 1.8858033456627438e-32), (0.91, 1.6566449364187665e-45), (0.92, 4.3646404716122805e-47), (0.93, 5.2464163029431564e-48), (0.9400000000000001, 1.6175889455171422e-47), (0.9500000000000001, 1.6193038987957874e-47), (0.9600000000000001, 6.793470698513482e-33), (0.9700000000000001, 8.35458412591589e-49), (0.9800000000000001, 5.859052979848947e-48), (0.9900000000000001, 5.164469498287372e-48)]]
[x4, [(0.9, 1.321258940246846e-47), (0.91, 1.489277402090324e-32), (0.92, 6.442783468268872e-46), (0.93, 1.5622360511779663e-48), (0.9400000000000001, 3.94716268724283e-48), (0.9500000000000001, 1.4149010646562951e-49), (0.9600000000000001, 3.182127980341572e-46), (0.9700000000000001, 8.203320593330558e-45), (0.9800000000000001, 9.961714951237444e-48), (0.9900000000000001, 2.4775090999814485e-46)]]
[x5, [(0.9, 4.992804947873247e-48), (0.91, 4.040914709278801e-48), (0.92, 6.288066047288497e-48), (0.93, 2.308492754665503e-47), (0.9400000000000001, 4.695266679322319e-46), (0.9500000000000001, 7.557975397482931e-33), (0.9600000000000001, 2.6718127302463063e-47), (0.9700000000000001, 2.7856445474791282e-33), (0.9800000000000001, 2.047395497667915e-47), (0.9900000000000001, 1.5131382307954132e-46)]]
[x6, [(0.9, 4.626731254005434e-47), (0.91, 2.123100033820758e-48), (0.92, 1.2432467956091752e-32), (0.93, 1.0934250190869087e-45), (0.9400000000000001, 5.906206581094971e-46), (0.9500000000000001, 1.7894373930811493e-46), (0.9600000000000001, 2.4931078486372996e-45), (0.9700000000000001, 8.8809128132126e-47), (0.9800000000000001, 9.304744210228273e-47), (0.9900000000000001, 7.583377794635773e-45)]]
[x7, [(0.9, 2.7167667559694317e-45), (0.91, 4.847179263413443e-47), (0.92, 4.935566710481059e-48), (0.93, 2.72039435635269e-47), (0.9400000000000001, 6.351547503716102e-47), (0.9500000000000001, 1.1279303104970598e-47), (0.9600000000000001, 1.9369666897480082e-49), (0.9700000000000001, 3.5241808019453185e-46), (0.9800000000000001, 9.918065664644296e-50), (0.9900000000000001, 6.284997389421342e-47)]]
[x8, [(0.9, 3.4601254298501274e-47), (0.91, 1.1025565240958475e-47), (0.92, 7.817529402164889e-48), (0.93, 9.889549396618078e-47), (0.9400000000000001, 2.153735827753318e-44), (0.9500000000000001, 1.0024417899388955e-32), (0.9600000000000001, 1.1590592840016557e-32), (0.9700000000000001, 1.7187650347557068e-45), (0.9800000000000001, 3.3219371173099895e-47), (0.9900000000000001, 7.980988040901934e-47)]]
[x9, [(0.9, 5.070457691148145e-47), (0.91, 2.282483946148137e-47), (0.92, 7.727624417171099e-48), (0.93, 3.548794723332096e-48), (0.9400000000000001, 8.852006266323433e-33), (0.9500000000000001, 2.7033018862487776e-48), (0.9600000000000001, 2.088349829439795e-48), (0.9700000000000001, 1.3021861469739131e-46), (0.9800000000000001, 2.1354197536806091e-47), (0.9900000000000001, 1.877856759308896e-46)]]
[x10, [(0.9, 4.86787639187232e-49), (0.91, 4.971781673493609e-48), (0.92, 2.1821137035218974e-46), (0.93, 9.095206782526864e-49), (0.9400000000000001, 7.07096055425306e-47), (0.9500000000000001, 9.86710830082443e-47), (0.9600000000000001, 4.354038842742301e-32), (0.9700000000000001, 3.6730784546451875e-47), (0.9800000000000001, 4.385720344208451e-47), (0.9900000000000001, 3.4073283829010396e-47)]]
[x11, [(0.9, 7.417025495377866e-48), (0.91, 2.356842705344341e-47), (0.92, 2.301000787225055e-47), (0.93, 2.278679790426279e-47), (0.9400000000000001, 1.2944798963416778e-47), (0.9500000000000001, 5.637137321909628e-48), (0.9600000000000001, 4.934653513689755e-48), (0.9700000000000001, 4.43835120361783e-47), (0.9800000000000001, 4.6840083935849243e-32), (0.9900000000000001, 3.281165611192067e-48)]]
[x12, [(0.9, 4.708169170739245e-47), (0.91, 9.657084176182473e-48), (0.92, 3.0333873667090156e-47), (0.93, 7.272388501936496e-48), (0.9400000000000001, 7.788313091048489e-47), (0.9500000000000001, 7.916616186833903e-48), (0.9600000000000001, 3.370716031479324e-47), (0.9700000000000001, 3.741731086359322e-47), (0.9800000000000001, 3.011179069664263e-47), (0.9900000000000001, 5.866988315725222e-48)]]
[x13, [(0.9, 1.0477506188378361e-47), (0.91, 1.2272231651660663e-47), (0.92, 4.741421722722861e-33), (0.93, 1.4425349511224466e-46), (0.9400000000000001, 8.831128203592435e-48), (0.9500000000000001, 1.0002643345056128e-47), (0.9600000000000001, 1.7479495511006628e-48), (0.9700000000000001, 2.5712648145001394e-47), (0.9800000000000001, 1.0695095449185139e-47), (0.9900000000000001, 2.356644612428827e-48)]]
[x14, [(0.9, 8.700621844158899e-47), (0.91, 3.3857793144701382e-46), (0.92, 3.3175688542920645e-33), (0.93, 6.382295571260338e-47), (0.9400000000000001, 4.438899645803567e-47), (0.9500000000000001, 1.6148972938913163e-47), (0.9600000000000001, 5.8062202143587936e-46), (0.9700000000000001, 2.1878400058173105e-47), (0.9800000000000001, 1.4302438094349856e-46), (0.9900000000000001, 1.30561620684264e-47)]]
[x15, [(0.9, 8.671433121490204e-34), (0.91, 2.385238892770583e-48), (0.92, 2.958878146193053e-48), (0.93, 2.2686615015978325e-33), (0.9400000000000001, 1.5517007753813476e-32), (0.9500000000000001, 3.5381541643925855e-48), (0.9600000000000001, 6.995307875029618e-48), (0.9700000000000001, 7.907744347291119e-48), (0.9800000000000001, 4.02197185583373e-48), (0.9900000000000001, 2.3040187686089584e-47)]]
[x16, [(0.9, 8.671433121490204e-34), (0.91, 2.385238892770583e-48), (0.92, 2.958878146193053e-48), (0.93, 2.2686615015978325e-33), (0.9400000000000001, 1.5517007753813476e-32), (0.9500000000000001, 3.5381541643925855e-48), (0.9600000000000001, 6.995307875029618e-48), (0.9700000000000001, 7.907744347291119e-48), (0.9800000000000001, 4.02197185583373e-48), (0.9900000000000001, 2.3040187686089584e-47)]]
[x17, [(0.9, 1.0617297588829151e-47), (0.91, 5.51195008647407e-32), (0.92, 3.1916310600811007e-47), (0.93, 1.3581503343408707e-47), (0.9400000000000001, 1.247871638895107e-47), (0.9500000000000001, 1.205390414177922e-47), (0.9600000000000001, 1.9842012254268288e-48), (0.9700000000000001, 1.0295725707142845e-47), (0.9800000000000001, 1.3615760322950218e-47), (0.9900000000000001, 1.2009306342367047e-47)]]
[x18, [(0.9, 1.0617297588829151e-47), (0.91, 5.51195008647407e-32), (0.92, 3.1916310600811007e-47), (0.93, 1.3581503343408707e-47), (0.9400000000000001, 1.247871638895107e-47), (0.9500000000000001, 1.205390414177922e-47), (0.9600000000000001, 1.9842012254268288e-48), (0.9700000000000001, 1.0295725707142845e-47), (0.9800000000000001, 1.3615760322950218e-47), (0.9900000000000001, 1.2009306342367047e-47)]]
[x19, [(0.9, 6.063763503101582e-48), (0.91, 5.785294776368084e-48), (0.92, 1.1346194711474208e-47), (0.93, 1.981419194554976e-45), (0.9400000000000001, 1.1738904647414366e-47), (0.9500000000000001, 6.616766826161685e-33), (0.9600000000000001, 2.3752015269088252e-48), (0.9700000000000001, 2.2338065847977773e-47), (0.9800000000000001, 1.1111639499554865e-47), (0.9900000000000001, 1.3785849535962996e-47)]]
[x20, [(0.9, 6.063763503101582e-48), (0.91, 5.785294776368084e-48), (0.92, 1.1346194711474208e-47), (0.93, 1.981419194554976e-45), (0.9400000000000001, 1.1738904647414366e-47), (0.9500000000000001, 6.616766826161685e-33), (0.9600000000000001, 2.3752015269088252e-48), (0.9700000000000001, 2.2338065847977773e-47), (0.9800000000000001, 1.1111639499554865e-47), (0.9900000000000001, 1.3785849535962996e-47)]]
[x21, [(0.9, 2.3137857310327977e-33), (0.91, 3.5670845521633416e-46), (0.92, 3.5160499504941724e-46), (0.93, 4.6781336953913445e-48), (0.9400000000000001, 1.1177207230750218e-45), (0.9500000000000001, 1.3352473753906307e-47), (0.9600000000000001, 6.801219714400071e-33), (0.9700000000000001, 1.4688487700491442e-31), (0.9800000000000001, 4.195402452597542e-32), (0.9900000000000001, 6.952188969521155e-48)]]
[x22, [(0.9, 2.3137857310327977e-33), (0.91, 3.5670845521633416e-46), (0.92, 3.5160499504941724e-46), (0.93, 4.6781336953913445e-48), (0.9400000000000001, 1.1177207230750218e-45), (0.9500000000000001, 1.3352473753906307e-47), (0.9600000000000001, 6.801219714400071e-33), (0.9700000000000001, 1.4688487700491442e-31), (0.9800000000000001, 4.195402452597542e-32), (0.9900000000000001, 6.952188969521155e-48)]]
[x23, [(0.9, 6.634664950223727e-47), (0.91, 1.6232354427252571e-32), (0.92, 1.147264565231392e-47), (0.93, 3.43831700315996e-48), (0.9400000000000001, 2.318737234223491e-48), (0.9500000000000001, 1.267932757096541e-47), (0.9600000000000001, 1.6755764220790587e-32), (0.9700000000000001, 4.748468310252334e-47), (0.9800000000000001, 7.261140405863137e-48), (0.9900000000000001, 8.759917662984147e-48)]]
[x24, [(0.9, 6.634664950223727e-47), (0.91, 1.6232354427252571e-32), (0.92, 1.147264565231392e-47), (0.93, 3.43831700315996e-48), (0.9400000000000001, 2.318737234223491e-48), (0.9500000000000001, 1.267932757096541e-47), (0.9600000000000001, 1.6755764220790587e-32), (0.9700000000000001, 4.748468310252334e-47), (0.9800000000000001, 7.261140405863137e-48), (0.9900000000000001, 8.759917662984147e-48)]]
[x25, [(0.9, 2.6623924983397827e-47), (0.91, 2.0659180927529298e-48), (0.92, 1.5245532975011787e-47), (0.93, 1.1091164328774394e-32), (0.9400000000000001, 4.8456976229997623e-33), (0.9500000000000001, 2.901379755511628e-47), (0.9600000000000001, 2.754598330965373e-47), (0.9700000000000001, 5.483397588575747e-47), (0.9800000000000001, 4.901299665308532e-32), (0.9900000000000001, 2.0196203509213361e-47)]]
[x26, [(0.9, 2.6623924983397827e-47), (0.91, 2.0659180927529298e-48), (0.92, 1.5245532975011787e-47), (0.93, 1.1091164328774394e-32), (0.9400000000000001, 4.8456976229997623e-33), (0.9500000000000001, 2.901379755511628e-47), (0.9600000000000001, 2.754598330965373e-47), (0.9700000000000001, 5.483397588575747e-47), (0.9800000000000001, 4.901299665308532e-32), (0.9900000000000001, 2.0196203509213361e-47)]]
[x27, [(0.9, 1.1972943628679382e-45), (0.91, 6.951862337501636e-48), (0.92, 5.126168904465382e-48), (0.93, 5.486332617642658e-46), (0.9400000000000001, 2.739676608221528e-48), (0.9500000000000001, 1.8581732845431741e-47), (0.9600000000000001, 5.111194622427397e-48), (0.9700000000000001, 6.1416840502263414e-46), (0.9800000000000001, 1.3995052470545794e-47), (0.9900000000000001, 6.156782631397971e-48)]]
[x28, [(0.9, 1.1972943628679382e-45), (0.91, 6.951862337501636e-48), (0.92, 5.126168904465382e-48), (0.93, 5.486332617642658e-46), (0.9400000000000001, 2.739676608221528e-48), (0.9500000000000001, 1.8581732845431741e-47), (0.9600000000000001, 5.111194622427397e-48), (0.9700000000000001, 6.1416840502263414e-46), (0.9800000000000001, 1.3995052470545794e-47), (0.9900000000000001, 6.156782631397971e-48)]]
[x29, [(0.9, 8.942384625539287e-48), (0.91, 4.0362371879000395e-47), (0.92, 4.031184464818604e-48), (0.93, 3.0372704820739887e-47), (0.9400000000000001, 4.217173719850081e-47), (0.9500000000000001, 1.1203730512931862e-47), (0.9600000000000001, 3.4088091713190696e-46), (0.9700000000000001, 5.389389747129455e-46), (0.9800000000000001, 2.676616781380327e-47), (0.9900000000000001, 6.522886209213856e-48)]]
[x30, [(0.9, 8.942384625539287e-48), (0.91, 4.0362371879000395e-47), (0.92, 4.031184464818604e-48), (0.93, 3.0372704820739887e-47), (0.9400000000000001, 4.217173719850081e-47), (0.9500000000000001, 1.1203730512931862e-47), (0.9600000000000001, 3.4088091713190696e-46), (0.9700000000000001, 5.389389747129455e-46), (0.9800000000000001, 2.676616781380327e-47), (0.9900000000000001, 6.522886209213856e-48)]]
[x31, [(0.9, 1.6010352589144533e-47), (0.91, 2.1076993677767774e-46), (0.92, 5.792992937630455e-48), (0.93, 1.4638067689471836e-43), (0.9400000000000001, 1.8747260286423917e-46), (0.9500000000000001, 1.1513568095663755e-32), (0.9600000000000001, 3.9722576432787355e-47), (0.9700000000000001, 4.234481142740325e-48), (0.9800000000000001, 2.6196826273831673e-46), (0.9900000000000001, 1.0886884363506932e-47)]]
[x32, [(0.9, 6.38945881600209e-47), (0.91, 1.0752650512481955e-32), (0.92, 5.328500298603012e-32), (0.93, 1.2996802722111645e-47), (0.9400000000000001, 1.4172157695782523e-47), (0.9500000000000001, 5.597918661708524e-46), (0.9600000000000001, 1.6879982565281678e-46), (0.9700000000000001, 9.138443873847191e-47), (0.9800000000000001, 2.782601748953744e-47), (0.9900000000000001, 4.617720152647365e-48)]]
[x33, [(0.9, 6.223837702304455e-48), (0.91, 5.365362646497672e-33), (0.92, 2.1602217271518344e-47), (0.93, 5.64714672853716e-48), (0.9400000000000001, 1.2815651647890272e-32), (0.9500000000000001, 1.4673082180917068e-47), (0.9600000000000001, 1.6308471329152298e-45), (0.9700000000000001, 4.5837617506029064e-48), (0.9800000000000001, 5.875704903517664e-47), (0.9900000000000001, 3.1693674633649135e-49)]]
[x34, [(0.9, 4.7164407976186837e-48), (0.91, 2.8740672753351675e-45), (0.92, 6.276045650448831e-46), (0.93, 1.1201188252391127e-46), (0.9400000000000001, 3.0472924873068214e-47), (0.9500000000000001, 4.916379749960399e-48), (0.9600000000000001, 5.2195359588078865e-48), (0.9700000000000001, 1.3840931223349927e-48), (0.9800000000000001, 1.9784982506016095e-47), (0.9900000000000001, 7.868449317884622e-48)]]
[x35, [(0.9, 1.6090123774547658e-33), (0.91, 8.566845915134237e-46), (0.92, 1.2712124725422655e-47), (0.93, 3.122170009049582e-48), (0.9400000000000001, 3.4093896717133143e-32), (0.9500000000000001, 2.3669620631623134e-46), (0.9600000000000001, 4.9319958312894427e-48), (0.9700000000000001, 2.361305935105274e-47), (0.9800000000000001, 5.678911031086651e-49), (0.9900000000000001, 9.84293459978432e-47)]]
[x36, [(0.9, 5.817879710860034e-47), (0.91, 1.9822498240768984e-47), (0.92, 2.9469121490199304e-46), (0.93, 2.863641272058417e-32), (0.9400000000000001, 6.208614081138752e-33), (0.9500000000000001, 3.2190664018292527e-48), (0.9600000000000001, 9.054580567629955e-33), (0.9700000000000001, 1.604602219238971e-48), (0.9800000000000001, 1.714961347989777e-47), (0.9900000000000001, 1.4611029598367945e-48)]]
[x37, [(0.9, 8.2253749439528e-33), (0.91, 2.4621312045674554e-46), (0.92, 1.355257448429859e-47), (0.93, 5.621357718872343e-48), (0.9400000000000001, 9.075725397801631e-49), (0.9500000000000001, 1.9501427167214035e-47), (0.9600000000000001, 2.0509754539735843e-47), (0.9700000000000001, 1.0892846068616334e-47), (0.9800000000000001, 6.318060035272e-48), (0.9900000000000001, 1.012147331632691e-47)]]
[x38, [(0.9, 1.8826997550045913e-46), (0.91, 3.99498427997577e-46), (0.92, 2.4561079914023487e-47), (0.93, 3.052574878288812e-44), (0.9400000000000001, 3.954031172079764e-47), (0.9500000000000001, 1.6337269962758863e-47), (0.9600000000000001, 3.434272356995329e-48), (0.9700000000000001, 8.572136659932578e-48), (0.9800000000000001, 1.2684639401224106e-48), (0.9900000000000001, 3.9219970997656975e-47)]]
[x39, [(0.9, 2.825668688999034e-47), (0.91, 4.013448500816147e-45), (0.92, 6.840818883667476e-47), (0.93, 1.3068095951113169e-48), (0.9400000000000001, 1.2896172112378717e-47), (0.9500000000000001, 6.282276192325495e-48), (0.9600000000000001, 1.1465403674682672e-47), (0.9700000000000001, 6.519838099481975e-46), (0.9800000000000001, 7.392493340359098e-48), (0.9900000000000001, 4.1628226536336236e-48)]]
[x40, [(0.9, 8.479218529040796e-47), (0.91, 2.8111977594876356e-47), (0.92, 9.081018783418128e-47), (0.93, 2.420106889405113e-47), (0.9400000000000001, 2.431703177297225e-33), (0.9500000000000001, 3.791364040904593e-46), (0.9600000000000001, 6.972973286811018e-48), (0.9700000000000001, 7.686142709804215e-48), (0.9800000000000001, 6.176589836390362e-47), (0.9900000000000001, 4.3149783657120245e-48)]]
[x41, [(0.9, 2.559648143074109e-33), (0.91, 4.8993138638378253e-45), (0.92, 5.677338449631471e-46), (0.93, 9.147807142641321e-48), (0.9400000000000001, 1.4945117210479933e-47), (0.9500000000000001, 1.906888999388849e-47), (0.9600000000000001, 7.590746565988245e-48), (0.9700000000000001, 5.172331577247919e-46), (0.9800000000000001, 1.1703217736396465e-47), (0.9900000000000001, 8.827519510654129e-48)]]
[x42, [(0.9, 7.566428283353985e-48), (0.91, 1.7998972990801606e-48), (0.92, 1.4256113538558265e-48), (0.93, 1.349221760521566e-47), (0.9400000000000001, 1.914423625734097e-46), (0.9500000000000001, 2.3885991887737963e-46), (0.9600000000000001, 2.8813192164414376e-48), (0.9700000000000001, 5.245184893226411e-48), (0.9800000000000001, 5.073395469508218e-47), (0.9900000000000001, 1.0882219052759581e-47)]]
[x43, [(0.9, 1.53917081095699e-48), (0.91, 3.6002283037352226e-48), (0.92, 3.9768304136369093e-47), (0.93, 9.264974599918954e-48), (0.9400000000000001, 4.998079315558049e-49), (0.9500000000000001, 4.955419257408031e-47), (0.9600000000000001, 1.9415097321253833e-32), (0.9700000000000001, 7.277744957449187e-46), (0.9800000000000001, 2.380020414469558e-47), (0.9900000000000001, 3.857711391547825e-47)]]
[x44, [(0.9, 3.5079569189219614e-48), (0.91, 7.839058700472872e-47), (0.92, 2.5984580232352308e-48), (0.93, 7.120556204974329e-50), (0.9400000000000001, 4.367858272744755e-46), (0.9500000000000001, 5.678048784799335e-32), (0.9600000000000001, 1.579144781324661e-48), (0.9700000000000001, 1.139876437429782e-47), (0.9800000000000001, 3.7457050103148836e-48), (0.9900000000000001, 3.3190385056927547e-47)]]
[x45, [(0.9, 8.351740761006577e-50), (0.91, 1.8063617205029755e-47), (0.92, 6.59462247797151e-48), (0.93, 1.1169066049928794e-47), (0.9400000000000001, 5.167759612865029e-48), (0.9500000000000001, 1.7987187062028576e-46), (0.9600000000000001, 4.011983283236104e-48), (0.9700000000000001, 5.707625591956585e-47), (0.9800000000000001, 9.49164184140131e-48), (0.9900000000000001, 1.6260699030476818e-47)]]
[x46, [(0.9, 2.6493376267176067e-48), (0.91, 2.595378105684395e-46), (0.92, 2.6577812628506678e-47), (0.93, 2.4686968888543516e-47), (0.9400000000000001, 2.395823295042728e-46), (0.9500000000000001, 4.049227494594088e-46), (0.9600000000000001, 1.574263017732068e-48), (0.9700000000000001, 7.154293598396956e-47), (0.9800000000000001, 4.170130324358426e-46), (0.9900000000000001, 3.609230943182987e-49)]]
[x47, [(0.9, 6.912895965707081e-47), (0.91, 2.831934704086616e-48), (0.92, 1.6570814381041952e-47), (0.93, 2.576212462169179e-48), (0.9400000000000001, 6.372339367523238e-47), (0.9500000000000001, 1.814717778805581e-48), (0.9600000000000001, 1.9855675744834992e-47), (0.9700000000000001, 4.469606316537731e-47), (0.9800000000000001, 7.091010197448949e-33), (0.9900000000000001, 3.518810757104721e-47)]]
[x48, [(0.9, 3.8797750187018367e-32), (0.91, 1.3283784134048857e-47), (0.92, 5.154587660405361e-46), (0.93, 4.134806661291535e-47), (0.9400000000000001, 5.067314506726631e-48), (0.9500000000000001, 6.5701147656998555e-49), (0.9600000000000001, 1.4798836484668617e-32), (0.9700000000000001, 1.2613465903335202e-48), (0.9800000000000001, 4.509074390105105e-47), (0.9900000000000001, 8.263627040822564e-46)]]
[x49, [(0.9, 1.194582473046511e-45), (0.91, 6.431891325610049e-33), (0.92, 1.6677817104139778e-47), (0.93, 4.6001923121145883e-48), (0.9400000000000001, 4.8488752447400105e-33), (0.9500000000000001, 1.6645457743730334e-47), (0.9600000000000001, 5.8941628009129076e-46), (0.9700000000000001, 5.460452224009588e-48), (0.9800000000000001, 1.5904301501973174e-47), (0.9900000000000001, 1.4583707614447836e-46)]]
[x50, [(0.9, 1.3361952631798015e-47), (0.91, 2.0271531653973524e-48), (0.92, 5.2671496411402085e-48), (0.93, 1.6279665865648308e-46), (0.9400000000000001, 2.091195533514152e-47), (0.9500000000000001, 1.8345578887401704e-47), (0.9600000000000001, 1.5379314553200104e-32), (0.9700000000000001, 8.836066261979385e-48), (0.9800000000000001, 3.623752622134755e-32), (0.9900000000000001, 1.146788394939979e-47)]]
report_list = 
(x1, 0.9700000000000001, 6.584741886090577e-33, 5.780501301508116e-48)
(x2, 0.9500000000000001, 1.9624495986838773e-32, 1.457575509281203e-46)
(x3, 0.9600000000000001, 6.793470698513482e-33, 8.35458412591589e-49)
(x4, 0.91, 1.489277402090324e-32, 6.442783468268872e-46)
(x5, 0.9700000000000001, 2.7856445474791282e-33, 2.047395497667915e-47)
(x6, 0.92, 1.2432467956091752e-32, 1.0934250190869087e-45)
(x7, 0.9700000000000001, 3.5241808019453185e-46, 9.918065664644296e-50)
(x8, 0.9600000000000001, 1.1590592840016557e-32, 1.7187650347557068e-45)
(x9, 0.9400000000000001, 8.852006266323433e-33, 2.7033018862487776e-48)
(x10, 0.9600000000000001, 4.354038842742301e-32, 3.6730784546451875e-47)
(x11, 0.9800000000000001, 4.6840083935849243e-32, 3.281165611192067e-48)
(x12, 0, 0, 0)
(x13, 0.92, 4.741421722722861e-33, 1.4425349511224466e-46)
(x14, 0.92, 3.3175688542920645e-33, 6.382295571260338e-47)
(x15, 0.9400000000000001, 1.5517007753813476e-32, 3.5381541643925855e-48)
(x16, 0.9400000000000001, 1.5517007753813476e-32, 3.5381541643925855e-48)
(x17, 0.91, 5.51195008647407e-32, 3.1916310600811007e-47)
(x18, 0.91, 5.51195008647407e-32, 3.1916310600811007e-47)
(x19, 0.9500000000000001, 6.616766826161685e-33, 2.3752015269088252e-48)
(x20, 0.9500000000000001, 6.616766826161685e-33, 2.3752015269088252e-48)
(x21, 0.9800000000000001, 4.195402452597542e-32, 6.952188969521155e-48)
(x22, 0.9800000000000001, 4.195402452597542e-32, 6.952188969521155e-48)
(x23, 0.9600000000000001, 1.6755764220790587e-32, 4.748468310252334e-47)
(x24, 0.9600000000000001, 1.6755764220790587e-32, 4.748468310252334e-47)
(x25, 0.9800000000000001, 4.901299665308532e-32, 2.0196203509213361e-47)
(x26, 0.9800000000000001, 4.901299665308532e-32, 2.0196203509213361e-47)
(x27, 0, 0, 0)
(x28, 0, 0, 0)
(x29, 0, 0, 0)
(x30, 0, 0, 0)
(x31, 0.9500000000000001, 1.1513568095663755e-32, 3.9722576432787355e-47)
(x32, 0.92, 5.328500298603012e-32, 1.2996802722111645e-47)
(x33, 0.9400000000000001, 1.2815651647890272e-32, 1.4673082180917068e-47)
(x34, 0, 0, 0)
(x35, 0.9400000000000001, 3.4093896717133143e-32, 2.3669620631623134e-46)
(x36, 0.9600000000000001, 9.054580567629955e-33, 1.604602219238971e-48)
(x37, 0.9, 8.2253749439528e-33, 2.4621312045674554e-46)
(x38, 0, 0, 0)
(x39, 0, 0, 0)
(x40, 0.9400000000000001, 2.431703177297225e-33, 3.791364040904593e-46)
(x41, 0.9, 2.559648143074109e-33, 4.8993138638378253e-45)
(x42, 0, 0, 0)
(x43, 0.9600000000000001, 1.9415097321253833e-32, 7.277744957449187e-46)
(x44, 0.9500000000000001, 5.678048784799335e-32, 1.579144781324661e-48)
(x45, 0, 0, 0)
(x46, 0.9800000000000001, 4.170130324358426e-46, 3.609230943182987e-49)
(x47, 0.9800000000000001, 7.091010197448949e-33, 3.518810757104721e-47)
(x48, 0.9600000000000001, 1.4798836484668617e-32, 1.2613465903335202e-48)
(x49, 0.9400000000000001, 4.8488752447400105e-33, 1.6645457743730334e-47)
(x50, 0.9800000000000001, 3.623752622134755e-32, 1.146788394939979e-47)
